<?xml version="1.0" encoding="UTF-8"?>
<!-- Generated by org.testng.reporters.JUnitReportReporter -->
<testsuite hostname="DESKTOP-RB71H0V" failures="0" tests="3" name="TestNG.Priority" time="0.027" errors="0" timestamp="2024-02-26T23:13:58 IST" skipped="0">
  <testcase classname="TestNG.Priority" name="testcase1" time="0.016"/>
  <system-out/>
  <testcase classname="TestNG.Priority" name="testcase3" time="0.007"/>
  <system-out/>
  <testcase classname="TestNG.Priority" name="testcase2" time="0.004"/>
  <system-out/>
</testsuite> <!-- TestNG.Priority -->
