<?xml version="1.0" encoding="UTF-8"?>
<!-- Generated by org.testng.reporters.JUnitReportReporter -->
<testsuite hostname="DESKTOP-RB71H0V" failures="0" tests="3" name="TestNG.DependOnMethod" time="0.022" errors="0" timestamp="2024-02-26T23:16:48 IST" skipped="0">
  <testcase classname="TestNG.DependOnMethod" name="testcase3" time="0.005"/>
  <system-out/>
  <testcase classname="TestNG.DependOnMethod" name="testcase1" time="0.014"/>
  <system-out/>
  <testcase classname="TestNG.DependOnMethod" name="testcase2" time="0.003"/>
  <system-out/>
</testsuite> <!-- TestNG.DependOnMethod -->
