<?xml version="1.0" encoding="UTF-8"?>
<!-- Generated by org.testng.reporters.JUnitReportReporter -->
<testsuite hostname="DESKTOP-RB71H0V" failures="0" tests="1" name="TestNG.SoftAssertion" time="22.600" errors="0" timestamp="2024-02-26T23:43:25 IST" skipped="0">
  <testcase classname="TestNG.SoftAssertion" name="testassert" time="22.600"/>
  <system-out/>
</testsuite> <!-- TestNG.SoftAssertion -->
