<?xml version="1.0" encoding="UTF-8"?>
<!-- Generated by org.testng.reporters.JUnitReportReporter -->
<testsuite hostname="DESKTOP-RB71H0V" failures="0" tests="1" name="TestNG.InvokeChromeBroswer" time="7.019" errors="0" timestamp="2024-02-26T23:07:44 IST" skipped="0">
  <testcase classname="TestNG.InvokeChromeBroswer" name="invokechrome" time="7.019"/>
  <system-out/>
</testsuite> <!-- TestNG.InvokeChromeBroswer -->
