<?xml version="1.0" encoding="UTF-8"?>
<!-- Generated by org.testng.reporters.JUnitReportReporter -->
<testsuite hostname="DESKTOP-RB71H0V" failures="0" tests="4" name="TestNG.Grouping" time="0.021" errors="0" timestamp="2024-02-26T23:18:44 IST" skipped="0">
  <testcase classname="TestNG.Grouping" name="login" time="0.002"/>
  <system-out/>
  <testcase classname="TestNG.Grouping" name="Products" time="0.003"/>
  <system-out/>
  <testcase classname="TestNG.Grouping" name="Payment" time="0.002"/>
  <system-out/>
  <testcase classname="TestNG.Grouping" name="AddtoCart" time="0.014"/>
  <system-out/>
</testsuite> <!-- TestNG.Grouping -->
