<?xml version="1.0" encoding="UTF-8"?>
<!-- Generated by org.testng.reporters.JUnitReportReporter -->
<testsuite hostname="DESKTOP-RB71H0V" failures="0" tests="1" name="TestNG.ListenerTestClass" time="17.128" errors="0" timestamp="2024-02-27T11:48:39 IST" skipped="0">
  <testcase classname="TestNG.ListenerTestClass" name="invokechrome" time="17.128"/>
  <system-out/>
</testsuite> <!-- TestNG.ListenerTestClass -->
