<?xml version="1.0" encoding="UTF-8"?>
<!-- Generated by org.testng.reporters.JUnitReportReporter -->
<testsuite hostname="DESKTOP-RB71H0V" failures="0" tests="1" name="TestNG.Parametrized" time="7.081" errors="0" timestamp="2024-02-26T23:39:37 IST" skipped="0">
  <testcase classname="TestNG.Parametrized" name="Parametrized" time="7.081"/>
  <system-out/>
</testsuite> <!-- TestNG.Parametrized -->
