<?xml version="1.0" encoding="UTF-8"?>
<!-- Generated by org.testng.reporters.JUnitReportReporter -->
<testsuite hostname="DESKTOP-RB71H0V" failures="0" tests="3" name="TestNG.EnableFalse" time="0.020" errors="0" timestamp="2024-02-26T23:15:07 IST" skipped="1">
  <testcase classname="TestNG.EnableFalse" name="testcase2" time="0.015"/>
  <system-out/>
  <testcase classname="TestNG.EnableFalse" name="testcase3" time="0.005"/>
  <system-out/>
  <testcase classname="TestNG.EnableFalse" name="testcase1">
    <skipped/>
  </testcase> <!-- testcase1 -->
  <system-out/>
</testsuite> <!-- TestNG.EnableFalse -->
