<?xml version="1.0" encoding="UTF-8"?>
<!-- Generated by org.testng.reporters.JUnitReportReporter -->
<testsuite hostname="DESKTOP-RB71H0V" failures="0" tests="2" name="TestNG.ParallelTesting" time="20.149" errors="0" timestamp="2024-02-26T23:27:42 IST" skipped="0">
  <testcase classname="TestNG.ParallelTesting" name="invokeEdge" time="16.778"/>
  <system-out/>
  <testcase classname="TestNG.ParallelTesting" name="invokeChrome" time="3.371"/>
  <system-out/>
</testsuite> <!-- TestNG.ParallelTesting -->
