<?xml version="1.0" encoding="UTF-8"?>
<!-- Generated by org.testng.reporters.JUnitReportReporter -->
<testsuite hostname="DESKTOP-RB71H0V" failures="0" tests="1" name="TestNG.InvokeEdgeBrowser" time="15.165" errors="0" timestamp="2024-02-26T23:11:52 IST" skipped="0">
  <testcase classname="TestNG.InvokeEdgeBrowser" name="invokeedge" time="15.165"/>
  <system-out/>
</testsuite> <!-- TestNG.InvokeEdgeBrowser -->
