<?xml version="1.0" encoding="UTF-8"?>
<!-- Generated by org.testng.reporters.JUnitReportReporter -->
<testsuite hostname="DESKTOP-RB71H0V" failures="0" tests="4" name="TestNG.AnnotationEg" time="0.051" errors="0" timestamp="2024-02-27T11:34:27 IST" skipped="0">
  <testcase classname="TestNG.AnnotationEg" name="testcase4" time="0.016"/>
  <system-out/>
  <testcase classname="TestNG.AnnotationEg" name="testcase1" time="0.016"/>
  <system-out/>
  <testcase classname="TestNG.AnnotationEg" name="testcase3" time="0.005"/>
  <system-out/>
  <testcase classname="TestNG.AnnotationEg" name="testcase2" time="0.014"/>
  <system-out/>
</testsuite> <!-- TestNG.AnnotationEg -->
