<?xml version="1.0" encoding="UTF-8"?>
<!-- Generated by org.testng.reporters.JUnitReportReporter -->
<testsuite hostname="DESKTOP-RB71H0V" failures="0" tests="1" name="TestNG.sampletestng" time="0.022" errors="0" timestamp="2024-02-26T20:55:55 IST" skipped="0">
  <testcase classname="TestNG.sampletestng" name="f" time="0.022"/>
  <system-out/>
</testsuite> <!-- TestNG.sampletestng -->
